<?xml version="1.0" encoding="UTF-8"?>
<!-- Generated by org.testng.reporters.JUnitXMLReporter -->
<testsuite hostname="Rishi-Raj" ignored="0" name="Test" tests="8" failures="1" timestamp="2020-02-23T11:15:45 IST" time="18.976" errors="0">
  <testcase name="@AfterMethod postConditions" time="0.047" classname="com.cgcx.generic.BaseLib">
    <failure type="org.openqa.selenium.NoSuchWindowException" message="no such window: target window already closed
from unknown error: web view not found
  (Session info: chrome=79.0.3945.130)
Build info: version: &amp;apos;3.141.59&amp;apos;, revision: &amp;apos;e82be7d358&amp;apos;, time: &amp;apos;2018-11-14T08:17:03&amp;apos;
System info: host: &amp;apos;RISHI-RAJ&amp;apos;, ip: &amp;apos;192.168.56.1&amp;apos;, os.name: &amp;apos;Windows 10&amp;apos;, os.arch: &amp;apos;amd64&amp;apos;, os.version: &amp;apos;10.0&amp;apos;, java.version: &amp;apos;1.8.0_201&amp;apos;
Driver info: org.openqa.selenium.chrome.ChromeDriver
Capabilities {acceptInsecureCerts: false, browserName: chrome, browserVersion: 79.0.3945.130, chrome: {chromedriverVersion: 79.0.3945.36 (3582db32b3389..., userDataDir: C:\Users\Dell\AppData\Local...}, goog:chromeOptions: {debuggerAddress: localhost:57313}, javascriptEnabled: true, networkConnectionEnabled: false, pageLoadStrategy: normal, platform: WINDOWS, platformName: WINDOWS, proxy: Proxy(), setWindowRect: true, strictFileInteractability: false, timeouts: {implicit: 0, pageLoad: 300000, script: 30000}, unhandledPromptBehavior: dismiss and notify}
Session ID: 0fa77c66e41d7f24a5a01a2c20f13924">
      <![CDATA[org.openqa.selenium.NoSuchWindowException: no such window: target window already closed
from unknown error: web view not found
  (Session info: chrome=79.0.3945.130)
Build info: version: '3.141.59', revision: 'e82be7d358', time: '2018-11-14T08:17:03'
System info: host: 'RISHI-RAJ', ip: '192.168.56.1', os.name: 'Windows 10', os.arch: 'amd64', os.version: '10.0', java.version: '1.8.0_201'
Driver info: org.openqa.selenium.chrome.ChromeDriver
Capabilities {acceptInsecureCerts: false, browserName: chrome, browserVersion: 79.0.3945.130, chrome: {chromedriverVersion: 79.0.3945.36 (3582db32b3389..., userDataDir: C:\Users\Dell\AppData\Local...}, goog:chromeOptions: {debuggerAddress: localhost:57313}, javascriptEnabled: true, networkConnectionEnabled: false, pageLoadStrategy: normal, platform: WINDOWS, platformName: WINDOWS, proxy: Proxy(), setWindowRect: true, strictFileInteractability: false, timeouts: {implicit: 0, pageLoad: 300000, script: 30000}, unhandledPromptBehavior: dismiss and notify}
Session ID: 0fa77c66e41d7f24a5a01a2c20f13924
at org.openqa.selenium.remote.http.W3CHttpResponseCodec.createException(W3CHttpResponseCodec.java:187)
at org.openqa.selenium.remote.http.W3CHttpResponseCodec.decode(W3CHttpResponseCodec.java:122)
at org.openqa.selenium.remote.http.W3CHttpResponseCodec.decode(W3CHttpResponseCodec.java:49)
at org.openqa.selenium.remote.HttpCommandExecutor.execute(HttpCommandExecutor.java:158)
at org.openqa.selenium.remote.service.DriverCommandExecutor.execute(DriverCommandExecutor.java:83)
at org.openqa.selenium.remote.RemoteWebDriver.execute(RemoteWebDriver.java:552)
at org.openqa.selenium.remote.RemoteWebDriver.execute(RemoteWebDriver.java:609)
at org.openqa.selenium.remote.RemoteWebDriver.getScreenshotAs(RemoteWebDriver.java:295)
at com.cgcx.generic.ScreenshotLib.takeScreenshot(ScreenshotLib.java:22)
at com.cgcx.generic.BaseLib.postConditions(BaseLib.java:73)
at java.util.ArrayList.forEach(Unknown Source)
... Removed 36 stack frames]]>
    </failure>
  </testcase> <!-- @AfterMethod postConditions -->
  <testcase name="@AfterMethod postConditions" time="-1.582436745257E9" classname="com.cgcx.generic.BaseLib">
    <skipped/>
  </testcase> <!-- @AfterMethod postConditions -->
  <testcase name="@AfterMethod postConditions" time="-1.582436745272E9" classname="com.cgcx.generic.BaseLib">
    <skipped/>
  </testcase> <!-- @AfterMethod postConditions -->
  <testcase name="@AfterMethod postConditions" time="-1.582436745284E9" classname="com.cgcx.generic.BaseLib">
    <skipped/>
  </testcase> <!-- @AfterMethod postConditions -->
  <testcase name="@AfterMethod postConditions" time="-1.582436745291E9" classname="com.cgcx.generic.BaseLib">
    <skipped/>
  </testcase> <!-- @AfterMethod postConditions -->
  <testcase name="@AfterMethod postConditions" time="-1.582436745299E9" classname="com.cgcx.generic.BaseLib">
    <skipped/>
  </testcase> <!-- @AfterMethod postConditions -->
  <testcase name="@AfterMethod postConditions" time="-1.582436745309E9" classname="com.cgcx.generic.BaseLib">
    <skipped/>
  </testcase> <!-- @AfterMethod postConditions -->
  <testcase name="@AfterMethod postConditions" time="-1.582436745319E9" classname="com.cgcx.generic.BaseLib">
    <skipped/>
  </testcase> <!-- @AfterMethod postConditions -->
  <testcase name="@AfterClass TearDown" time="-1.582436745323E9" classname="com.cgcx.generic.BaseLib">
    <skipped/>
  </testcase> <!-- @AfterClass TearDown -->
  <testcase name="login" time="6.759" classname="com.cgcx.scripts.testScript">
    <failure type="org.openqa.selenium.NoSuchElementException" message="Cannot locate an element using xpath=//*[@href=&amp;apos;/signin?returnUrl=https://k8.cgcx.io/&amp;apos;]
For documentation on this error, please visit: https://www.seleniumhq.org/exceptions/no_such_element.html
Build info: version: &amp;apos;3.141.59&amp;apos;, revision: &amp;apos;e82be7d358&amp;apos;, time: &amp;apos;2018-11-14T08:17:03&amp;apos;
System info: host: &amp;apos;RISHI-RAJ&amp;apos;, ip: &amp;apos;192.168.56.1&amp;apos;, os.name: &amp;apos;Windows 10&amp;apos;, os.arch: &amp;apos;amd64&amp;apos;, os.version: &amp;apos;10.0&amp;apos;, java.version: &amp;apos;1.8.0_201&amp;apos;
Driver info: driver.version: RemoteWebDriver">
      <![CDATA[org.openqa.selenium.NoSuchElementException: Cannot locate an element using xpath=//*[@href='/signin?returnUrl=https://k8.cgcx.io/']
For documentation on this error, please visit: https://www.seleniumhq.org/exceptions/no_such_element.html
Build info: version: '3.141.59', revision: 'e82be7d358', time: '2018-11-14T08:17:03'
System info: host: 'RISHI-RAJ', ip: '192.168.56.1', os.name: 'Windows 10', os.arch: 'amd64', os.version: '10.0', java.version: '1.8.0_201'
Driver info: driver.version: RemoteWebDriver
at org.openqa.selenium.remote.RemoteWebDriver.findElement(RemoteWebDriver.java:327)
at org.openqa.selenium.remote.RemoteWebDriver.findElementByXPath(RemoteWebDriver.java:428)
at org.openqa.selenium.By$ByXPath.findElement(By.java:353)
at org.openqa.selenium.remote.RemoteWebDriver.findElement(RemoteWebDriver.java:315)
at org.openqa.selenium.support.pagefactory.DefaultElementLocator.findElement(DefaultElementLocator.java:69)
at org.openqa.selenium.support.pagefactory.internal.LocatingElementHandler.invoke(LocatingElementHandler.java:38)
at com.sun.proxy.$Proxy11.click(Unknown Source)
at com.cgcx.pageobject.Login.clicklogin(Login.java:34)
at com.cgcx.scripts.testScript.login(testScript.java:18)
at java.util.ArrayList.forEach(Unknown Source)
... Removed 27 stack frames]]>
    </failure>
  </testcase> <!-- login -->
  <testcase name="trade" time="0.0" classname="com.cgcx.scripts.testScript">
    <skipped/>
  </testcase> <!-- trade -->
  <testcase name="wallet" time="0.0" classname="com.cgcx.scripts.testScript">
    <skipped/>
  </testcase> <!-- wallet -->
  <testcase name="orders" time="0.0" classname="com.cgcx.scripts.testScript">
    <skipped/>
  </testcase> <!-- orders -->
  <testcase name="history" time="0.0" classname="com.cgcx.scripts.testScript">
    <skipped/>
  </testcase> <!-- history -->
  <testcase name="market" time="0.0" classname="com.cgcx.scripts.testScript">
    <skipped/>
  </testcase> <!-- market -->
  <testcase name="referral" time="0.0" classname="com.cgcx.scripts.testScript">
    <skipped/>
  </testcase> <!-- referral -->
  <testcase name="logout" time="0.0" classname="com.cgcx.scripts.testScript">
    <skipped/>
  </testcase> <!-- logout -->
</testsuite> <!-- Test -->
